[35m[1mConsolidate compiler generated dependencies of target rob599_msgs__rosidl_generator_c[0m
[  2%] Built target rob599_msgs__cpp
[35m[1mConsolidate compiler generated dependencies of target rob599_msgs__rosidl_typesupport_fastrtps_cpp[0m
[ 12%] Built target rob599_msgs__rosidl_generator_c
[ 23%] Built target rob599_msgs__rosidl_typesupport_fastrtps_cpp
failed to create symbolic link '/home/ubuntu/ros2_ws/build/rob599_msgs/ament_cmake_python/rob599_msgs/rob599_msgs' because existing path cannot be removed: Is a directory
gmake[2]: *** [CMakeFiles/ament_cmake_python_symlink_rob599_msgs.dir/build.make:70: CMakeFiles/ament_cmake_python_symlink_rob599_msgs] Error 1
gmake[1]: *** [CMakeFiles/Makefile2:421: CMakeFiles/ament_cmake_python_symlink_rob599_msgs.dir/all] Error 2
gmake[1]: *** Waiting for unfinished jobs....
gmake: *** [Makefile:146: all] Error 2
