[0.115s] Invoking command in '/home/ubuntu/ros2_ws/build/rob599_msgs': CMAKE_PREFIX_PATH=/opt/ros/humble /usr/bin/cmake --build /home/ubuntu/ros2_ws/build/rob599_msgs -- -j16 -l16
[0.285s] [35m[1mConsolidate compiler generated dependencies of target rob599_msgs__rosidl_generator_c[0m
[0.285s] [  2%] Built target rob599_msgs__cpp
[0.286s] [35m[1mConsolidate compiler generated dependencies of target rob599_msgs__rosidl_typesupport_fastrtps_cpp[0m
[0.286s] [ 12%] Built target rob599_msgs__rosidl_generator_c
[0.287s] [ 23%] Built target rob599_msgs__rosidl_typesupport_fastrtps_cpp
[0.287s] failed to create symbolic link '/home/ubuntu/ros2_ws/build/rob599_msgs/ament_cmake_python/rob599_msgs/rob599_msgs' because existing path cannot be removed: Is a directory
[0.287s] gmake[2]: *** [CMakeFiles/ament_cmake_python_symlink_rob599_msgs.dir/build.make:70: CMakeFiles/ament_cmake_python_symlink_rob599_msgs] Error 1
[0.287s] gmake[1]: *** [CMakeFiles/Makefile2:421: CMakeFiles/ament_cmake_python_symlink_rob599_msgs.dir/all] Error 2
[0.287s] gmake[1]: *** Waiting for unfinished jobs....
[0.287s] gmake: *** [Makefile:146: all] Error 2
[0.290s] Invoked command in '/home/ubuntu/ros2_ws/build/rob599_msgs' returned '2': CMAKE_PREFIX_PATH=/opt/ros/humble /usr/bin/cmake --build /home/ubuntu/ros2_ws/build/rob599_msgs -- -j16 -l16
